Sat, 02 May 2020 21:09:15 GMT | INFO | loggers.log | Serving is running on PORT 8081 | 
Sat, 02 May 2020 21:09:15 GMT | INFO | loggers.log | Connected to mongodb | 
Sat, 02 May 2020 21:09:16 GMT | INFO | loggers.log | Socket E9nBxYKe0a3GacoGAAAA connected | 
Sat, 02 May 2020 21:09:16 GMT | INFO | loggers.log | Socket zVYgV_dfj6H3UOCRAAAB connected | 
Sat, 02 May 2020 21:09:17 GMT | INFO | loggers.log | Socket NljYxCA4k4OfzHe2AAAC connected | 
Sat, 02 May 2020 21:09:19 GMT | INFO | loggers.log | Socket 2rzxfgxHr_JlclxqAAAD connected | 
Sat, 02 May 2020 21:09:19 GMT | INFO | loggers.log | test has left room Sinatra | 
Sat, 02 May 2020 21:09:21 GMT | INFO | loggers.log | All Groups gotten from Group Model in database | 
Sat, 02 May 2020 21:09:21 GMT | INFO | loggers.log | All Events gotten  from Event Model in database | 
Sat, 02 May 2020 21:09:21 GMT | INFO | loggers.log | All Users gotten from User Model in database | 
Sat, 02 May 2020 21:09:23 GMT | INFO | loggers.log | All Events gotten  from Event Model in database | 
Sat, 02 May 2020 21:09:27 GMT | INFO | loggers.log | User test communicated with the server | 
Sat, 02 May 2020 21:09:27 GMT | INFO | loggers.log | Current User is permitted access to this route | 
Sat, 02 May 2020 21:09:27 GMT | INFO | loggers.log | User test communicated with the server | 
Sat, 02 May 2020 21:09:27 GMT | INFO | loggers.log | Current User is permitted access to this route | 
Sat, 02 May 2020 21:09:28 GMT | INFO | loggers.log | All Events gotten  from Event Model in database | 
Sat, 02 May 2020 21:09:32 GMT | INFO | loggers.log | Connected to mongodb | 
Sat, 02 May 2020 21:09:33 GMT | INFO | loggers.log | Connected to mongodb | 
Sat, 02 May 2020 21:09:33 GMT | INFO | loggers.log |  admin has logged in | 
Sat, 02 May 2020 21:09:33 GMT | INFO | loggers.log |  test has logged in | 
Sat, 02 May 2020 21:09:33 GMT | INFO | loggers.log |  admin has logged in | 
Sat, 02 May 2020 21:09:33 GMT | INFO | loggers.log | User admin communicated with the server | 
Sat, 02 May 2020 21:09:33 GMT | INFO | loggers.log | Current User is permitted access to this route | 
Sat, 02 May 2020 21:09:33 GMT | INFO | loggers.log | User admin communicated with the server | 
Sat, 02 May 2020 21:09:33 GMT | INFO | loggers.log | Current User is permitted access to this route | 
Sat, 02 May 2020 21:09:33 GMT | INFO | loggers.log | User admin communicated with the server | 
Sat, 02 May 2020 21:09:33 GMT | INFO | loggers.log | Current User is permitted access to this route | 
Sat, 02 May 2020 21:09:33 GMT | INFO | loggers.log | User admin communicated with the server | 
Sat, 02 May 2020 21:09:33 GMT | INFO | loggers.log | Current User is permitted access to this route | 
Sat, 02 May 2020 21:09:33 GMT | INFO | loggers.log | User admin communicated with the server | 
Sat, 02 May 2020 21:09:33 GMT | INFO | loggers.log | admin sent test a friend request | 
Sat, 02 May 2020 21:09:33 GMT | INFO | loggers.log | Current User is permitted access to this route | 
Sat, 02 May 2020 21:09:33 GMT | INFO | loggers.log | admin created a new event | 
Sat, 02 May 2020 21:09:33 GMT | INFO | loggers.log |  admin has logged in | 
Sat, 02 May 2020 21:09:33 GMT | INFO | loggers.log |  admin has logged in | 
Sat, 02 May 2020 21:09:33 GMT | ERROR | loggers.log | unAuthorized User | 
Sat, 02 May 2020 21:09:33 GMT | INFO | loggers.log | Connected to mongodb | 
Sat, 02 May 2020 21:09:33 GMT | INFO | loggers.log |  test has logged in | 
Sat, 02 May 2020 21:09:33 GMT | INFO | loggers.log |  admin has logged in | 
Sat, 02 May 2020 21:09:33 GMT | INFO | loggers.log | User test communicated with the server | 
Sat, 02 May 2020 21:09:33 GMT | INFO | loggers.log | Current User is permitted access to this route | 
Sat, 02 May 2020 21:09:33 GMT | INFO | loggers.log | User test communicated with the server | 
Sat, 02 May 2020 21:09:33 GMT | INFO | loggers.log | Current User is permitted access to this route | 
Sat, 02 May 2020 21:09:33 GMT | INFO | loggers.log | User admin communicated with the server | 
Sat, 02 May 2020 21:09:33 GMT | INFO | loggers.log | Current User is permitted access to this route | 
Sat, 02 May 2020 21:09:33 GMT | INFO | loggers.log | User admin communicated with the server | 
Sat, 02 May 2020 21:09:33 GMT | INFO | loggers.log | Current User is permitted access to this route | 
Sat, 02 May 2020 21:09:33 GMT | INFO | loggers.log | User admin communicated with the server | 
Sat, 02 May 2020 21:09:33 GMT | INFO | loggers.log | Current User is permitted access to this route | 
Sat, 02 May 2020 21:09:33 GMT | INFO | loggers.log | test added admin  | 
Sat, 02 May 2020 21:09:33 GMT | INFO | loggers.log | admin joined event called undefined | 
Sat, 02 May 2020 21:09:33 GMT | INFO | loggers.log |  admin has logged in | 
Sat, 02 May 2020 21:09:34 GMT | INFO | loggers.log | User admin communicated with the server | 
Sat, 02 May 2020 21:09:34 GMT | INFO | loggers.log | Current User is permitted access to this route | 
Sat, 02 May 2020 21:09:34 GMT | INFO | loggers.log | User admin communicated with the server | 
Sat, 02 May 2020 21:09:34 GMT | INFO | loggers.log | Current User is permitted access to this route | 
Sat, 02 May 2020 21:09:34 GMT | INFO | loggers.log | User admin communicated with the server | 
Sat, 02 May 2020 21:09:34 GMT | INFO | loggers.log | Current User is permitted access to this route | 
Sat, 02 May 2020 21:09:34 GMT | INFO | loggers.log | User admin communicated with the server | 
Sat, 02 May 2020 21:09:34 GMT | INFO | loggers.log | Current User is permitted access to this route | 
Sat, 02 May 2020 21:09:34 GMT | INFO | loggers.log |  admin has logged in | 
Sat, 02 May 2020 21:09:34 GMT | INFO | loggers.log | admin joined a group called Sinatra | 
Sat, 02 May 2020 21:09:34 GMT | INFO | loggers.log | User admin communicated with the server | 
Sat, 02 May 2020 21:09:34 GMT | INFO | loggers.log | Current User is permitted access to this route | 
Sat, 02 May 2020 21:09:34 GMT | INFO | loggers.log | User admin communicated with the server | 
Sat, 02 May 2020 21:09:34 GMT | INFO | loggers.log | Current User is permitted access to this route | 
Sat, 02 May 2020 21:09:34 GMT | INFO | loggers.log | User admin communicated with the server | 
Sat, 02 May 2020 21:09:34 GMT | INFO | loggers.log | Current User is permitted access to this route | 
Sat, 02 May 2020 21:09:34 GMT | INFO | loggers.log | admin left an event called undefined | 
Sat, 02 May 2020 21:09:34 GMT | INFO | loggers.log |  admin has logged in | 
Sat, 02 May 2020 21:09:34 GMT | INFO | loggers.log | User admin communicated with the server | 
Sat, 02 May 2020 21:09:34 GMT | INFO | loggers.log | Current User is permitted access to this route | 
Sat, 02 May 2020 21:09:34 GMT | INFO | loggers.log | User admin communicated with the server | 
Sat, 02 May 2020 21:09:34 GMT | INFO | loggers.log | Current User is permitted access to this route | 
Sat, 02 May 2020 21:09:34 GMT | INFO | loggers.log | User admin communicated with the server | 
Sat, 02 May 2020 21:09:34 GMT | INFO | loggers.log | Current User is permitted access to this route | 
Sat, 02 May 2020 21:09:34 GMT | INFO | loggers.log | User admin communicated with the server | 
Sat, 02 May 2020 21:09:34 GMT | INFO | loggers.log | Current User is permitted access to this route | 
Sat, 02 May 2020 21:09:34 GMT | INFO | loggers.log |  admin has logged in | 
Sat, 02 May 2020 21:09:34 GMT | INFO | loggers.log | admin left a group called Sinatra | 
Sat, 02 May 2020 21:09:34 GMT | INFO | loggers.log | User admin communicated with the server | 
Sat, 02 May 2020 21:09:34 GMT | INFO | loggers.log | Current User is permitted access to this route | 
Sat, 02 May 2020 21:09:34 GMT | INFO | loggers.log | User admin communicated with the server | 
Sat, 02 May 2020 21:09:34 GMT | INFO | loggers.log | Current User is permitted access to this route | 
Sat, 02 May 2020 21:09:34 GMT | INFO | loggers.log | User admin communicated with the server | 
Sat, 02 May 2020 21:09:34 GMT | INFO | loggers.log | Current User is permitted access to this route | 
Sat, 02 May 2020 21:09:34 GMT | ERROR | loggers.log | Cast to ObjectId failed for value "244335" at path "_id" for model "Event" | 
Sat, 02 May 2020 21:09:34 GMT | INFO | loggers.log |  admin has logged in | 
Sat, 02 May 2020 21:09:34 GMT | INFO | loggers.log | User admin communicated with the server | 
Sat, 02 May 2020 21:09:34 GMT | INFO | loggers.log | Current User is permitted access to this route | 
Sat, 02 May 2020 21:09:34 GMT | INFO | loggers.log | User admin communicated with the server | 
Sat, 02 May 2020 21:09:34 GMT | INFO | loggers.log | Current User is permitted access to this route | 
Sat, 02 May 2020 21:09:34 GMT | INFO | loggers.log | User admin communicated with the server | 
Sat, 02 May 2020 21:09:34 GMT | INFO | loggers.log | Current User is permitted access to this route | 
Sat, 02 May 2020 21:09:34 GMT | INFO | loggers.log | User admin communicated with the server | 
Sat, 02 May 2020 21:09:34 GMT | INFO | loggers.log | Current User is permitted access to this route | 
Sat, 02 May 2020 21:09:34 GMT | ERROR | loggers.log | Cast to ObjectId failed for value "244335" at path "_id" for model "Group" | 
Sat, 02 May 2020 21:09:36 GMT | INFO | loggers.log | Connected to mongodb | 
Sat, 02 May 2020 21:09:37 GMT | INFO | loggers.log |  admin has logged in | 
Sat, 02 May 2020 21:09:37 GMT | INFO | loggers.log | Verified User has valid token | 
Sat, 02 May 2020 21:09:37 GMT | ERROR | loggers.log | unAuthorized User | 
Sat, 02 May 2020 21:12:06 GMT | INFO | loggers.log | Connected to mongodb | 
Sat, 02 May 2020 21:12:06 GMT | INFO | loggers.log | Connected to mongodb | 
Sat, 02 May 2020 21:12:07 GMT | INFO | loggers.log |  admin has logged in | 
Sat, 02 May 2020 21:12:07 GMT | INFO | loggers.log |  admin has logged in | 
Sat, 02 May 2020 21:12:07 GMT | INFO | loggers.log | User admin communicated with the server | 
Sat, 02 May 2020 21:12:07 GMT | INFO | loggers.log | Current User is permitted access to this route | 
Sat, 02 May 2020 21:12:07 GMT | INFO | loggers.log | User admin communicated with the server | 
Sat, 02 May 2020 21:12:07 GMT | INFO | loggers.log | Current User is permitted access to this route | 
Sat, 02 May 2020 21:12:07 GMT | INFO | loggers.log | User admin communicated with the server | 
Sat, 02 May 2020 21:12:07 GMT | INFO | loggers.log | Current User is permitted access to this route | 
Sat, 02 May 2020 21:12:07 GMT | INFO | loggers.log | admin created a new event | 
Sat, 02 May 2020 21:12:07 GMT | INFO | loggers.log |  test has logged in | 
Sat, 02 May 2020 21:12:07 GMT | INFO | loggers.log | User admin communicated with the server | 
Sat, 02 May 2020 21:12:07 GMT | INFO | loggers.log | Current User is permitted access to this route | 
Sat, 02 May 2020 21:12:07 GMT | INFO | loggers.log | User admin communicated with the server | 
Sat, 02 May 2020 21:12:07 GMT | INFO | loggers.log | Current User is permitted access to this route | 
Sat, 02 May 2020 21:12:07 GMT | INFO | loggers.log | Connected to mongodb | 
Sat, 02 May 2020 21:12:07 GMT | INFO | loggers.log | admin sent test a friend request | 
Sat, 02 May 2020 21:12:07 GMT | INFO | loggers.log |  admin has logged in | 
Sat, 02 May 2020 21:12:07 GMT | ERROR | loggers.log | unAuthorized User | 
Sat, 02 May 2020 21:12:07 GMT | INFO | loggers.log |  admin has logged in | 
Sat, 02 May 2020 21:12:07 GMT | INFO | loggers.log |  admin has logged in | 
Sat, 02 May 2020 21:12:07 GMT | INFO | loggers.log | User admin communicated with the server | 
Sat, 02 May 2020 21:12:07 GMT | INFO | loggers.log | Current User is permitted access to this route | 
Sat, 02 May 2020 21:12:07 GMT | INFO | loggers.log | User admin communicated with the server | 
Sat, 02 May 2020 21:12:07 GMT | INFO | loggers.log | Current User is permitted access to this route | 
Sat, 02 May 2020 21:12:07 GMT | INFO | loggers.log | User admin communicated with the server | 
Sat, 02 May 2020 21:12:07 GMT | INFO | loggers.log | Current User is permitted access to this route | 
Sat, 02 May 2020 21:12:07 GMT | INFO | loggers.log | User admin communicated with the server | 
Sat, 02 May 2020 21:12:07 GMT | INFO | loggers.log | Current User is permitted access to this route | 
Sat, 02 May 2020 21:12:07 GMT | INFO | loggers.log |  admin has logged in | 
Sat, 02 May 2020 21:12:07 GMT | INFO | loggers.log | User admin communicated with the server | 
Sat, 02 May 2020 21:12:07 GMT | INFO | loggers.log | Current User is permitted access to this route | 
Sat, 02 May 2020 21:12:07 GMT | INFO | loggers.log | admin joined a group called Sinatra | 
Sat, 02 May 2020 21:12:07 GMT | INFO | loggers.log | User admin communicated with the server | 
Sat, 02 May 2020 21:12:07 GMT | INFO | loggers.log | Current User is permitted access to this route | 
Sat, 02 May 2020 21:12:07 GMT | INFO | loggers.log | User admin communicated with the server | 
Sat, 02 May 2020 21:12:07 GMT | INFO | loggers.log | Current User is permitted access to this route | 
Sat, 02 May 2020 21:12:07 GMT | INFO | loggers.log |  test has logged in | 
Sat, 02 May 2020 21:12:07 GMT | INFO | loggers.log | User test communicated with the server | 
Sat, 02 May 2020 21:12:07 GMT | INFO | loggers.log | Current User is permitted access to this route | 
Sat, 02 May 2020 21:12:07 GMT | INFO | loggers.log | User test communicated with the server | 
Sat, 02 May 2020 21:12:07 GMT | INFO | loggers.log | Current User is permitted access to this route | 
Sat, 02 May 2020 21:12:07 GMT | INFO | loggers.log | admin joined event called undefined | 
Sat, 02 May 2020 21:12:07 GMT | INFO | loggers.log | test added admin  | 
Sat, 02 May 2020 21:12:07 GMT | INFO | loggers.log |  admin has logged in | 
Sat, 02 May 2020 21:12:08 GMT | INFO | loggers.log | User admin communicated with the server | 
Sat, 02 May 2020 21:12:08 GMT | INFO | loggers.log | Current User is permitted access to this route | 
Sat, 02 May 2020 21:12:08 GMT | INFO | loggers.log | User admin communicated with the server | 
Sat, 02 May 2020 21:12:08 GMT | INFO | loggers.log | Current User is permitted access to this route | 
Sat, 02 May 2020 21:12:08 GMT | INFO | loggers.log | User admin communicated with the server | 
Sat, 02 May 2020 21:12:08 GMT | INFO | loggers.log | Current User is permitted access to this route | 
Sat, 02 May 2020 21:12:08 GMT | INFO | loggers.log | User admin communicated with the server | 
Sat, 02 May 2020 21:12:08 GMT | INFO | loggers.log | Current User is permitted access to this route | 
Sat, 02 May 2020 21:12:08 GMT | INFO | loggers.log | admin left a group called Sinatra | 
Sat, 02 May 2020 21:12:08 GMT | INFO | loggers.log |  admin has logged in | 
Sat, 02 May 2020 21:12:08 GMT | INFO | loggers.log | User admin communicated with the server | 
Sat, 02 May 2020 21:12:08 GMT | INFO | loggers.log | Current User is permitted access to this route | 
Sat, 02 May 2020 21:12:08 GMT | INFO | loggers.log | User admin communicated with the server | 
Sat, 02 May 2020 21:12:08 GMT | INFO | loggers.log | Current User is permitted access to this route | 
Sat, 02 May 2020 21:12:08 GMT | INFO | loggers.log | User admin communicated with the server | 
Sat, 02 May 2020 21:12:08 GMT | INFO | loggers.log | Current User is permitted access to this route | 
Sat, 02 May 2020 21:12:08 GMT | INFO | loggers.log | admin left an event called undefined | 
Sat, 02 May 2020 21:12:08 GMT | INFO | loggers.log |  admin has logged in | 
Sat, 02 May 2020 21:12:08 GMT | INFO | loggers.log | User admin communicated with the server | 
Sat, 02 May 2020 21:12:08 GMT | INFO | loggers.log | Current User is permitted access to this route | 
Sat, 02 May 2020 21:12:08 GMT | INFO | loggers.log | User admin communicated with the server | 
Sat, 02 May 2020 21:12:08 GMT | INFO | loggers.log | Current User is permitted access to this route | 
Sat, 02 May 2020 21:12:08 GMT | INFO | loggers.log | User admin communicated with the server | 
Sat, 02 May 2020 21:12:08 GMT | INFO | loggers.log | Current User is permitted access to this route | 
Sat, 02 May 2020 21:12:08 GMT | INFO | loggers.log | User admin communicated with the server | 
Sat, 02 May 2020 21:12:08 GMT | INFO | loggers.log | Current User is permitted access to this route | 
Sat, 02 May 2020 21:12:08 GMT | ERROR | loggers.log | Cast to ObjectId failed for value "244335" at path "_id" for model "Group" | 
Sat, 02 May 2020 21:12:08 GMT | INFO | loggers.log |  admin has logged in | 
Sat, 02 May 2020 21:12:08 GMT | INFO | loggers.log | User admin communicated with the server | 
Sat, 02 May 2020 21:12:08 GMT | INFO | loggers.log | Current User is permitted access to this route | 
Sat, 02 May 2020 21:12:08 GMT | INFO | loggers.log | User admin communicated with the server | 
Sat, 02 May 2020 21:12:08 GMT | INFO | loggers.log | Current User is permitted access to this route | 
Sat, 02 May 2020 21:12:08 GMT | INFO | loggers.log | User admin communicated with the server | 
Sat, 02 May 2020 21:12:08 GMT | INFO | loggers.log | Current User is permitted access to this route | 
Sat, 02 May 2020 21:12:08 GMT | ERROR | loggers.log | Cast to ObjectId failed for value "244335" at path "_id" for model "Event" | 
Sat, 02 May 2020 21:12:10 GMT | INFO | loggers.log | Connected to mongodb | 
Sat, 02 May 2020 21:12:10 GMT | INFO | loggers.log |  admin has logged in | 
Sat, 02 May 2020 21:12:10 GMT | INFO | loggers.log | Verified User has valid token | 
Sat, 02 May 2020 21:12:10 GMT | ERROR | loggers.log | unAuthorized User | 
Sat, 02 May 2020 21:14:48 GMT | INFO | loggers.log | Connected to mongodb | 
Sat, 02 May 2020 21:14:48 GMT | INFO | loggers.log | Connected to mongodb | 
Sat, 02 May 2020 21:14:48 GMT | INFO | loggers.log |  admin has logged in | 
Sat, 02 May 2020 21:14:48 GMT | INFO | loggers.log |  admin has logged in | 
Sat, 02 May 2020 21:14:48 GMT | INFO | loggers.log | User admin communicated with the server | 
Sat, 02 May 2020 21:14:48 GMT | INFO | loggers.log | User admin communicated with the server | 
Sat, 02 May 2020 21:14:48 GMT | INFO | loggers.log | Current User is permitted access to this route | 
Sat, 02 May 2020 21:14:48 GMT | INFO | loggers.log | Current User is permitted access to this route | 
Sat, 02 May 2020 21:14:48 GMT | INFO | loggers.log | User admin communicated with the server | 
Sat, 02 May 2020 21:14:48 GMT | INFO | loggers.log | User admin communicated with the server | 
Sat, 02 May 2020 21:14:48 GMT | INFO | loggers.log | Current User is permitted access to this route | 
Sat, 02 May 2020 21:14:48 GMT | INFO | loggers.log | Current User is permitted access to this route | 
Sat, 02 May 2020 21:14:48 GMT | INFO | loggers.log | User admin communicated with the server | 
Sat, 02 May 2020 21:14:48 GMT | INFO | loggers.log | User admin communicated with the server | 
Sat, 02 May 2020 21:14:48 GMT | INFO | loggers.log | Current User is permitted access to this route | 
Sat, 02 May 2020 21:14:48 GMT | INFO | loggers.log | User admin communicated with the server | 
Sat, 02 May 2020 21:14:48 GMT | INFO | loggers.log | Current User is permitted access to this route | 
Sat, 02 May 2020 21:14:48 GMT | INFO | loggers.log | Current User is permitted access to this route | 
Sat, 02 May 2020 21:14:48 GMT | INFO | loggers.log | admin created a new event | 
Sat, 02 May 2020 21:14:48 GMT | INFO | loggers.log | admin joined a group called Sinatra | 
Sat, 02 May 2020 21:14:48 GMT | INFO | loggers.log |  admin has logged in | 
Sat, 02 May 2020 21:14:48 GMT | INFO | loggers.log |  admin has logged in | 
Sat, 02 May 2020 21:14:48 GMT | ERROR | loggers.log | unAuthorized User | 
Sat, 02 May 2020 21:14:48 GMT | INFO | loggers.log | User admin communicated with the server | 
Sat, 02 May 2020 21:14:48 GMT | INFO | loggers.log | Current User is permitted access to this route | 
Sat, 02 May 2020 21:14:48 GMT | INFO | loggers.log | User admin communicated with the server | 
Sat, 02 May 2020 21:14:48 GMT | INFO | loggers.log | Current User is permitted access to this route | 
Sat, 02 May 2020 21:14:48 GMT | INFO | loggers.log | User admin communicated with the server | 
Sat, 02 May 2020 21:14:48 GMT | INFO | loggers.log | Current User is permitted access to this route | 
Sat, 02 May 2020 21:14:48 GMT | INFO | loggers.log | User admin communicated with the server | 
Sat, 02 May 2020 21:14:48 GMT | INFO | loggers.log | Current User is permitted access to this route | 
Sat, 02 May 2020 21:14:48 GMT | INFO | loggers.log | admin left a group called Sinatra | 
Sat, 02 May 2020 21:14:48 GMT | INFO | loggers.log |  admin has logged in | 
Sat, 02 May 2020 21:14:48 GMT | INFO | loggers.log | User admin communicated with the server | 
Sat, 02 May 2020 21:14:48 GMT | INFO | loggers.log | Current User is permitted access to this route | 
Sat, 02 May 2020 21:14:48 GMT | INFO | loggers.log | User admin communicated with the server | 
Sat, 02 May 2020 21:14:48 GMT | INFO | loggers.log | Current User is permitted access to this route | 
Sat, 02 May 2020 21:14:48 GMT | INFO | loggers.log | User admin communicated with the server | 
Sat, 02 May 2020 21:14:48 GMT | INFO | loggers.log | Current User is permitted access to this route | 
Sat, 02 May 2020 21:14:48 GMT | INFO | loggers.log | admin joined event called undefined | 
Sat, 02 May 2020 21:14:48 GMT | INFO | loggers.log |  admin has logged in | 
Sat, 02 May 2020 21:14:48 GMT | INFO | loggers.log | User admin communicated with the server | 
Sat, 02 May 2020 21:14:48 GMT | INFO | loggers.log | Current User is permitted access to this route | 
Sat, 02 May 2020 21:14:48 GMT | INFO | loggers.log | User admin communicated with the server | 
Sat, 02 May 2020 21:14:48 GMT | INFO | loggers.log | Current User is permitted access to this route | 
Sat, 02 May 2020 21:14:48 GMT | INFO | loggers.log | User admin communicated with the server | 
Sat, 02 May 2020 21:14:48 GMT | INFO | loggers.log | Current User is permitted access to this route | 
Sat, 02 May 2020 21:14:48 GMT | INFO | loggers.log | User admin communicated with the server | 
Sat, 02 May 2020 21:14:48 GMT | INFO | loggers.log | Current User is permitted access to this route | 
Sat, 02 May 2020 21:14:48 GMT | ERROR | loggers.log | Cast to ObjectId failed for value "244335" at path "_id" for model "Group" | 
Sat, 02 May 2020 21:14:49 GMT | INFO | loggers.log |  admin has logged in | 
Sat, 02 May 2020 21:14:49 GMT | INFO | loggers.log | User admin communicated with the server | 
Sat, 02 May 2020 21:14:49 GMT | INFO | loggers.log | Current User is permitted access to this route | 
Sat, 02 May 2020 21:14:49 GMT | INFO | loggers.log | User admin communicated with the server | 
Sat, 02 May 2020 21:14:49 GMT | INFO | loggers.log | Current User is permitted access to this route | 
Sat, 02 May 2020 21:14:49 GMT | INFO | loggers.log | User admin communicated with the server | 
Sat, 02 May 2020 21:14:49 GMT | INFO | loggers.log | Current User is permitted access to this route | 
Sat, 02 May 2020 21:14:49 GMT | INFO | loggers.log | admin left an event called undefined | 
Sat, 02 May 2020 21:14:49 GMT | INFO | loggers.log |  admin has logged in | 
Sat, 02 May 2020 21:14:49 GMT | INFO | loggers.log | User admin communicated with the server | 
Sat, 02 May 2020 21:14:49 GMT | INFO | loggers.log | Current User is permitted access to this route | 
Sat, 02 May 2020 21:14:49 GMT | INFO | loggers.log | User admin communicated with the server | 
Sat, 02 May 2020 21:14:49 GMT | INFO | loggers.log | Current User is permitted access to this route | 
Sat, 02 May 2020 21:14:49 GMT | INFO | loggers.log | User admin communicated with the server | 
Sat, 02 May 2020 21:14:49 GMT | INFO | loggers.log | Connected to mongodb | 
Sat, 02 May 2020 21:14:49 GMT | INFO | loggers.log | Current User is permitted access to this route | 
Sat, 02 May 2020 21:14:49 GMT | ERROR | loggers.log | Cast to ObjectId failed for value "244335" at path "_id" for model "Event" | 
Sat, 02 May 2020 21:14:49 GMT | INFO | loggers.log |  admin has logged in | 
Sat, 02 May 2020 21:14:49 GMT | INFO | loggers.log |  test has logged in | 
Sat, 02 May 2020 21:14:49 GMT | INFO | loggers.log | User admin communicated with the server | 
Sat, 02 May 2020 21:14:49 GMT | INFO | loggers.log | Current User is permitted access to this route | 
Sat, 02 May 2020 21:14:49 GMT | INFO | loggers.log | User admin communicated with the server | 
Sat, 02 May 2020 21:14:49 GMT | INFO | loggers.log | Current User is permitted access to this route | 
Sat, 02 May 2020 21:14:49 GMT | INFO | loggers.log | admin sent test a friend request | 
Sat, 02 May 2020 21:14:50 GMT | INFO | loggers.log |  admin has logged in | 
Sat, 02 May 2020 21:14:50 GMT | INFO | loggers.log |  test has logged in | 
Sat, 02 May 2020 21:14:50 GMT | INFO | loggers.log | User test communicated with the server | 
Sat, 02 May 2020 21:14:50 GMT | INFO | loggers.log | Current User is permitted access to this route | 
Sat, 02 May 2020 21:14:50 GMT | INFO | loggers.log | User test communicated with the server | 
Sat, 02 May 2020 21:14:50 GMT | INFO | loggers.log | Current User is permitted access to this route | 
Sat, 02 May 2020 21:14:50 GMT | INFO | loggers.log | test added admin  | 
Sat, 02 May 2020 21:14:51 GMT | INFO | loggers.log | Connected to mongodb | 
Sat, 02 May 2020 21:14:51 GMT | INFO | loggers.log |  admin has logged in | 
Sat, 02 May 2020 21:14:51 GMT | INFO | loggers.log | Verified User has valid token | 
Sat, 02 May 2020 21:14:51 GMT | ERROR | loggers.log | unAuthorized User | 
Sat, 02 May 2020 22:15:18 GMT | INFO | loggers.log | Serving is running on PORT 8081 | 
Sat, 02 May 2020 22:15:18 GMT | INFO | loggers.log | Connected to mongodb | 
Sat, 02 May 2020 22:17:19 GMT | INFO | loggers.log | Socket Yp0D3qhnjJH8-EMCAAAA connected | 
Sat, 02 May 2020 22:17:19 GMT | INFO | loggers.log | Socket LYvaOt2ylZT3sSXTAAAB connected | 
Sat, 02 May 2020 22:17:21 GMT | INFO | loggers.log | rooms successfully created | 
Sat, 02 May 2020 22:17:50 GMT | INFO | loggers.log |  admin has logged in | 
Sat, 02 May 2020 22:17:50 GMT | INFO | loggers.log | All Groups gotten from Group Model in database | 
Sat, 02 May 2020 22:17:50 GMT | INFO | loggers.log | All Events gotten  from Event Model in database | 
Sat, 02 May 2020 22:17:50 GMT | INFO | loggers.log | All Users gotten from User Model in database | 
Sat, 02 May 2020 22:17:50 GMT | INFO | loggers.log | admin has the socket id set in database | 
Sat, 02 May 2020 22:18:04 GMT | INFO | loggers.log | All Events gotten  from Event Model in database | 
Sat, 02 May 2020 22:18:06 GMT | INFO | loggers.log | All Events gotten  from Event Model in database | 
Sat, 02 May 2020 22:18:24 GMT | INFO | loggers.log | User admin communicated with the server | 
Sat, 02 May 2020 22:18:24 GMT | INFO | loggers.log | Current User is permitted access to this route | 
Sat, 02 May 2020 22:18:24 GMT | INFO | loggers.log | User admin communicated with the server | 
Sat, 02 May 2020 22:18:24 GMT | INFO | loggers.log | Current User is permitted access to this route | 
Sat, 02 May 2020 22:18:24 GMT | INFO | loggers.log | User admin communicated with the server | 
Sat, 02 May 2020 22:18:24 GMT | INFO | loggers.log | Current User is permitted access to this route | 
Sat, 02 May 2020 22:18:25 GMT | INFO | loggers.log | admin created a new event | 
Sat, 02 May 2020 22:18:25 GMT | INFO | loggers.log | User admin communicated with the server | 
Sat, 02 May 2020 22:18:25 GMT | INFO | loggers.log | Current User is permitted access to this route | 
Sat, 02 May 2020 22:18:25 GMT | INFO | loggers.log | User admin communicated with the server | 
Sat, 02 May 2020 22:18:25 GMT | INFO | loggers.log | Current User is permitted access to this route | 
Sat, 02 May 2020 22:18:25 GMT | INFO | loggers.log | User admin communicated with the server | 
Sat, 02 May 2020 22:18:25 GMT | INFO | loggers.log | Current User is permitted access to this route | 
Sat, 02 May 2020 22:18:25 GMT | INFO | loggers.log | admin joined event called undefined | 
Sat, 02 May 2020 22:18:42 GMT | INFO | loggers.log | All Events gotten  from Event Model in database | 
Sat, 02 May 2020 22:19:01 GMT | INFO | loggers.log | User admin communicated with the server | 
Sat, 02 May 2020 22:19:01 GMT | INFO | loggers.log | Current User is permitted access to this route | 
Sat, 02 May 2020 22:19:01 GMT | INFO | loggers.log | User admin communicated with the server | 
Sat, 02 May 2020 22:19:01 GMT | INFO | loggers.log | Current User is permitted access to this route | 
Sat, 02 May 2020 22:19:01 GMT | INFO | loggers.log | User admin communicated with the server | 
Sat, 02 May 2020 22:19:01 GMT | INFO | loggers.log | Current User is permitted access to this route | 
Sat, 02 May 2020 22:19:01 GMT | INFO | loggers.log | admin created a new event | 
Sat, 02 May 2020 22:19:01 GMT | INFO | loggers.log | User admin communicated with the server | 
Sat, 02 May 2020 22:19:01 GMT | INFO | loggers.log | Current User is permitted access to this route | 
Sat, 02 May 2020 22:19:01 GMT | INFO | loggers.log | User admin communicated with the server | 
Sat, 02 May 2020 22:19:01 GMT | INFO | loggers.log | Current User is permitted access to this route | 
Sat, 02 May 2020 22:19:01 GMT | INFO | loggers.log | User admin communicated with the server | 
Sat, 02 May 2020 22:19:01 GMT | INFO | loggers.log | Current User is permitted access to this route | 
Sat, 02 May 2020 22:19:01 GMT | INFO | loggers.log | admin joined event called undefined | 
Sat, 02 May 2020 22:32:58 GMT | INFO | loggers.log | Serving is running on PORT 8081 | 
Sat, 02 May 2020 22:32:58 GMT | INFO | loggers.log | Connected to mongodb | 
Sat, 02 May 2020 22:33:19 GMT | INFO | loggers.log | Socket g1GDABM4UJbQDV_gAAAA connected | 
Sat, 02 May 2020 22:33:19 GMT | INFO | loggers.log | Socket U3byC670p9I8xxFwAAAB connected | 
Sat, 02 May 2020 22:33:20 GMT | INFO | loggers.log | Socket u7CQ7_xYiEWTYaRCAAAC connected | 
Sat, 02 May 2020 22:33:20 GMT | INFO | loggers.log | Socket UfKXUlEf_kYDwXdiAAAD connected | 
Sat, 02 May 2020 22:33:20 GMT | INFO | loggers.log | rooms successfully created | 
Sat, 02 May 2020 22:33:30 GMT | INFO | loggers.log |  test has logged in | 
Sat, 02 May 2020 22:33:31 GMT | INFO | loggers.log | All Groups gotten from Group Model in database | 
Sat, 02 May 2020 22:33:31 GMT | INFO | loggers.log | All Events gotten  from Event Model in database | 
Sat, 02 May 2020 22:33:31 GMT | INFO | loggers.log | All Users gotten from User Model in database | 
Sat, 02 May 2020 22:33:31 GMT | INFO | loggers.log | test has the socket id set in database | 
Sat, 02 May 2020 22:33:43 GMT | INFO | loggers.log | All Events gotten  from Event Model in database | 
Sat, 02 May 2020 22:33:46 GMT | INFO | loggers.log | All Groups gotten from Group Model in database | 
Sat, 02 May 2020 22:33:46 GMT | INFO | loggers.log | User test communicated with the server | 
Sat, 02 May 2020 22:33:46 GMT | INFO | loggers.log | Current User is permitted access to this route | 
Sat, 02 May 2020 22:33:46 GMT | INFO | loggers.log | User test communicated with the server | 
Sat, 02 May 2020 22:33:46 GMT | INFO | loggers.log | Current User is permitted access to this route | 
Sat, 02 May 2020 22:33:46 GMT | INFO | loggers.log | User test communicated with the server | 
Sat, 02 May 2020 22:33:46 GMT | INFO | loggers.log | Current User is permitted access to this route | 
Sat, 02 May 2020 22:33:46 GMT | INFO | loggers.log | User test communicated with the server | 
Sat, 02 May 2020 22:33:46 GMT | INFO | loggers.log | Current User is permitted access to this route | 
Sat, 02 May 2020 22:33:46 GMT | INFO | loggers.log | User test communicated with the server | 
Sat, 02 May 2020 22:33:46 GMT | INFO | loggers.log | Current User is permitted access to this route | 
Sat, 02 May 2020 22:33:46 GMT | INFO | loggers.log | User test communicated with the server | 
Sat, 02 May 2020 22:33:46 GMT | INFO | loggers.log | Current User is permitted access to this route | 
Sat, 02 May 2020 22:33:46 GMT | INFO | loggers.log | User test communicated with the server | 
Sat, 02 May 2020 22:33:46 GMT | INFO | loggers.log | Current User is permitted access to this route | 
Sat, 02 May 2020 22:33:46 GMT | INFO | loggers.log | User test communicated with the server | 
Sat, 02 May 2020 22:33:46 GMT | INFO | loggers.log | Current User is permitted access to this route | 
Sat, 02 May 2020 22:33:46 GMT | INFO | loggers.log | User test communicated with the server | 
Sat, 02 May 2020 22:33:47 GMT | INFO | loggers.log | Current User is permitted access to this route | 
Sat, 02 May 2020 22:33:47 GMT | INFO | loggers.log | User test communicated with the server | 
Sat, 02 May 2020 22:33:47 GMT | INFO | loggers.log | Current User is permitted access to this route | 
Sat, 02 May 2020 22:33:47 GMT | INFO | loggers.log | User test communicated with the server | 
Sat, 02 May 2020 22:33:47 GMT | INFO | loggers.log | Current User is permitted access to this route | 
Sat, 02 May 2020 22:33:47 GMT | INFO | loggers.log | User test communicated with the server | 
Sat, 02 May 2020 22:33:47 GMT | INFO | loggers.log | Current User is permitted access to this route | 
Sat, 02 May 2020 22:33:47 GMT | INFO | loggers.log | User test communicated with the server | 
Sat, 02 May 2020 22:33:47 GMT | INFO | loggers.log | Current User is permitted access to this route | 
Sat, 02 May 2020 22:33:47 GMT | INFO | loggers.log | User test communicated with the server | 
Sat, 02 May 2020 22:33:47 GMT | INFO | loggers.log | Current User is permitted access to this route | 
Sat, 02 May 2020 22:33:47 GMT | INFO | loggers.log | User test communicated with the server | 
Sat, 02 May 2020 22:33:47 GMT | INFO | loggers.log | Current User is permitted access to this route | 
Sat, 02 May 2020 22:33:47 GMT | INFO | loggers.log | User test communicated with the server | 
Sat, 02 May 2020 22:33:47 GMT | INFO | loggers.log | Current User is permitted access to this route | 
Sat, 02 May 2020 22:33:48 GMT | INFO | loggers.log | All Events gotten  from Event Model in database | 
Sat, 02 May 2020 22:34:58 GMT | INFO | loggers.log | Serving is running on PORT 8081 | 
Sat, 02 May 2020 22:34:58 GMT | INFO | loggers.log | Connected to mongodb | 
Sat, 02 May 2020 22:34:58 GMT | INFO | loggers.log | Socket ol1q6Ocpa4E6xm5pAAAA connected | 
Sat, 02 May 2020 22:34:59 GMT | INFO | loggers.log | Socket 9FsfA6FUbRWbih_rAAAB connected | 
Sat, 02 May 2020 22:34:59 GMT | INFO | loggers.log | Socket -H8Qzh9ZQrglW8mOAAAC connected | 
Sat, 02 May 2020 22:35:00 GMT | INFO | loggers.log | Socket NLvGEmS7J9QX3pGkAAAD connected | 
Sat, 02 May 2020 22:35:35 GMT | INFO | loggers.log | Serving is running on PORT 8081 | 
Sat, 02 May 2020 22:35:35 GMT | INFO | loggers.log | Connected to mongodb | 
Sat, 02 May 2020 22:35:35 GMT | INFO | loggers.log | Socket Nl8J-hRUbhUyVYZjAAAA connected | 
Sat, 02 May 2020 22:35:36 GMT | INFO | loggers.log | Socket vCcIG39cgDmBMfE3AAAB connected | 
Sat, 02 May 2020 22:35:36 GMT | INFO | loggers.log | Socket vMH28bLdll3acN-MAAAC connected | 
Sat, 02 May 2020 22:35:36 GMT | INFO | loggers.log | Socket pF49qp9IxBrQh45bAAAD connected | 
Sat, 02 May 2020 22:37:19 GMT | INFO | loggers.log | Serving is running on PORT 8081 | 
Sat, 02 May 2020 22:37:19 GMT | INFO | loggers.log | Socket wuXmFA1vYBCPhLCQAAAA connected | 
Sat, 02 May 2020 22:37:19 GMT | INFO | loggers.log | Connected to mongodb | 
Sat, 02 May 2020 22:37:19 GMT | INFO | loggers.log | Socket gcOK0DvRWM-UhKWtAAAB connected | 
Sat, 02 May 2020 22:37:19 GMT | INFO | loggers.log | Socket eXBt_Xj2tocvcM1EAAAC connected | 
Sat, 02 May 2020 22:37:19 GMT | INFO | loggers.log | Socket 4Y9L0aUcni34nuUzAAAD connected | 
